{"/home/amon/Projects/animated-router-react/src/index.tsx": {"path":"/home/amon/Projects/animated-router-react/src/index.tsx","statementMap":{"0":{"start":{"line":2,"column":23},"end":{"line":2,"column":null}},"1":{"start":{"line":2,"column":29},"end":{"line":4,"column":null}},"2":{"start":{"line":2,"column":13},"end":{"line":2,"column":23}}},"fnMap":{"0":{"name":"(anonymous_0)","decl":{"start":{"line":2,"column":23},"end":{"line":2,"column":29}},"loc":{"start":{"line":2,"column":23},"end":{"line":2,"column":null}}}},"branchMap":{},"s":{"0":1,"1":1,"2":1},"f":{"0":1},"b":{}}
}
